<?xml version="1.0" encoding="UTF-8"?>
<!-- Generated by org.testng.reporters.JUnitReportReporter -->
<testsuite skipped="0" hostname="by-df160" name="tests.LoginpageTest" tests="2" failures="0" timestamp="25 Sep 2018 15:43:54 GMT" time="5.414" errors="0">
  <testcase name="Launch" time="5.403" classname="tests.LoginpageTest"/>
  <testcase name="Flights_Click" time="0.011" classname="tests.LoginpageTest"/>
</testsuite> <!-- tests.LoginpageTest -->
