<?xml version="1.0" encoding="UTF-8"?>
<!-- Generated by org.testng.reporters.JUnitReportReporter -->
<testsuite skipped="0" hostname="by-df160" name="tests.LoginpageTest" tests="2" failures="0" timestamp="26 Sep 2018 15:40:53 GMT" time="4.195" errors="0">
  <testcase name="Flights_Click" time="0.007" classname="tests.LoginpageTest"/>
  <testcase name="Launch" time="4.188" classname="tests.LoginpageTest"/>
</testsuite> <!-- tests.LoginpageTest -->
